<?xml version="1.0" encoding="UTF-8"?>
<!-- Generated by org.testng.reporters.JUnitReportReporter -->
<testsuite hostname="sherybedorck" name="com.stemologica.tests.RetinollaTest" tests="11" failures="0" timestamp="15 Feb 2016 08:52:42 GMT" time="248.338" errors="0">
  <testcase name="testRevoluxeMobile" time="20.319" classname="com.stemologica.tests.RetinollaTest"/>
  <testcase name="testOc" time="19.675" classname="com.stemologica.tests.RetinollaTest"/>
  <testcase name="testMkit" time="19.904" classname="com.stemologica.tests.RetinollaTest"/>
  <testcase name="testRevoluxeMobileOcu" time="26.335" classname="com.stemologica.tests.RetinollaTest"/>
  <testcase name="testRetinollaOcu" time="27.514" classname="com.stemologica.tests.RetinollaTest"/>
  <testcase name="testRetinolla" time="21.363" classname="com.stemologica.tests.RetinollaTest"/>
  <testcase name="testRevoluxeOcu" time="25.968" classname="com.stemologica.tests.RetinollaTest"/>
  <testcase name="testRevoluxe" time="19.226" classname="com.stemologica.tests.RetinollaTest"/>
  <testcase name="testRetinollaMobileOcu" time="26.794" classname="com.stemologica.tests.RetinollaTest"/>
  <testcase name="testKit" time="20.666" classname="com.stemologica.tests.RetinollaTest"/>
  <testcase name="testRetinollaMobile" time="20.574" classname="com.stemologica.tests.RetinollaTest"/>
</testsuite> <!-- com.stemologica.tests.RetinollaTest -->
