<?xml version="1.0" encoding="UTF-8"?>
<!-- Generated by org.testng.reporters.JUnitReportReporter -->
<testsuite hostname="sherybedorck" name="com.sherybedrock.tests.Tests" tests="1" failures="0" timestamp="16 Feb 2016 13:22:18 GMT" time="21.467" errors="0">
  <testcase name="testRetinollaLocalhost" time="21.467" classname="com.sherybedrock.tests.Tests"/>
</testsuite> <!-- com.sherybedrockk.tests.Tests -->
