<?xml version="1.0" encoding="UTF-8"?>
<!-- Generated by org.testng.reporters.JUnitReportReporter -->
<testsuite hostname="sherybedorck" name="tests.RetinollaTest" tests="1" failures="0" timestamp="2 Feb 2016 16:27:37 GMT" time="9.147" errors="0">
  <testcase name="registerNewUser" time="9.147" classname="tests.RetinollaTest"/>
</testsuite> <!-- tests.RetinollaTest -->
